[INFO ] 2022-05-04 17:17:17.519 [main] CreateLog - Successfully clicked on terms of use section in footer
[INFO ] 2022-05-04 17:17:19.626 [main] CreateLog - Verifying text in terms of use page
[INFO ] 2022-05-04 17:18:37.538 [main] CreateLog - Successfully clicked on search icon
[INFO ] 2022-05-04 17:18:39.693 [main] CreateLog - Successfully sent the text to search bar
[INFO ] 2022-05-04 17:18:43.163 [main] CreateLog - Successfully clicked on search icon
[INFO ] 2022-05-04 17:18:45.260 [main] CreateLog - verifying the text in result page
[INFO ] 2022-05-04 17:19:49.319 [main] CreateLog - Successfully clicked on sports section
[INFO ] 2022-05-04 17:19:51.543 [main] CreateLog - verifying the text in sports page
[INFO ] 2022-05-04 19:25:30.410 [main] CreateLog - Successfully clicked on terms of use section in footer
[INFO ] 2022-05-04 19:25:32.535 [main] CreateLog - Verifying text in terms of use page
[INFO ] 2022-05-04 19:26:14.515 [main] CreateLog - Successfully clicked on search icon
[INFO ] 2022-05-04 19:26:16.721 [main] CreateLog - Successfully sent the text to search bar
[INFO ] 2022-05-04 19:26:21.290 [main] CreateLog - Successfully clicked on search icon
[INFO ] 2022-05-04 19:26:23.364 [main] CreateLog - verifying the text in result page
[INFO ] 2022-05-04 19:27:27.215 [main] CreateLog - Successfully clicked on sports section
[INFO ] 2022-05-04 19:27:29.348 [main] CreateLog - verifying the text in sports page
[INFO ] 2022-05-04 20:25:35.803 [main] CreateLog - Successfully clicked on search icon
[INFO ] 2022-05-04 20:25:38.000 [main] CreateLog - Successfully sent the text to search bar
[INFO ] 2022-05-04 20:25:42.430 [main] CreateLog - Successfully clicked on search icon
[INFO ] 2022-05-04 20:25:44.503 [main] CreateLog - verifying the text in result page
[INFO ] 2022-05-04 20:26:57.250 [main] CreateLog - Successfully clicked on sports section
[INFO ] 2022-05-04 20:26:59.559 [main] CreateLog - verifying the text in sports page
[INFO ] 2022-05-04 20:28:13.569 [main] CreateLog - Successfully clicked on terms of use section in footer
[INFO ] 2022-05-04 20:28:15.665 [main] CreateLog - Verifying text in terms of use page
[INFO ] 2022-05-04 20:32:53.455 [main] CreateLog - Successfully clicked on search icon
[INFO ] 2022-05-04 20:32:55.616 [main] CreateLog - Successfully sent the text to search bar
[INFO ] 2022-05-04 20:33:00.601 [main] CreateLog - Successfully clicked on search icon
[INFO ] 2022-05-04 20:33:02.711 [main] CreateLog - verifying the text in result page
[INFO ] 2022-05-04 20:34:46.905 [main] CreateLog - Successfully clicked on sports section
[INFO ] 2022-05-04 20:34:49.142 [main] CreateLog - verifying the text in sports page
[INFO ] 2022-05-04 20:35:22.443 [main] CreateLog - Successfully clicked on terms of use section in footer
[INFO ] 2022-05-04 20:35:24.548 [main] CreateLog - Verifying text in terms of use page
[INFO ] 2022-05-04 20:36:31.321 [main] CreateLog - Successfully clicked on search icon
[INFO ] 2022-05-04 20:36:33.613 [main] CreateLog - Successfully sent the text to search bar
[INFO ] 2022-05-04 20:36:38.216 [main] CreateLog - Successfully clicked on search icon
[INFO ] 2022-05-04 20:36:40.292 [main] CreateLog - verifying the text in result page
[INFO ] 2022-05-04 20:37:31.229 [main] CreateLog - Successfully clicked on sports section
[INFO ] 2022-05-04 20:37:33.362 [main] CreateLog - verifying the text in sports page
[INFO ] 2022-05-04 20:38:17.639 [main] CreateLog - Successfully clicked on terms of use section in footer
[INFO ] 2022-05-04 20:38:19.736 [main] CreateLog - Verifying text in terms of use page
[INFO ] 2022-05-04 20:45:53.124 [main] CreateLog - Successfully clicked on search icon
[INFO ] 2022-05-04 20:45:55.370 [main] CreateLog - Successfully sent the text to search bar
[INFO ] 2022-05-04 20:46:01.961 [main] CreateLog - Successfully clicked on search icon
[INFO ] 2022-05-04 20:46:04.016 [main] CreateLog - verifying the text in result page
[INFO ] 2022-05-04 20:47:21.984 [main] CreateLog - Successfully clicked on sports section
[INFO ] 2022-05-04 20:47:24.109 [main] CreateLog - verifying the text in sports page
[INFO ] 2022-05-04 20:48:56.494 [main] CreateLog - Successfully clicked on terms of use section in footer
[INFO ] 2022-05-04 20:48:58.595 [main] CreateLog - Verifying text in terms of use page
[INFO ] 2022-05-04 21:03:38.515 [main] CreateLog - Successfully clicked on search icon
[INFO ] 2022-05-04 21:03:40.636 [main] CreateLog - Successfully sent the text to search bar
[INFO ] 2022-05-04 21:03:44.681 [main] CreateLog - Successfully clicked on search icon
[INFO ] 2022-05-04 21:03:46.751 [main] CreateLog - verifying the text in result page
[INFO ] 2022-05-04 21:04:56.769 [main] CreateLog - Successfully clicked on sports section
[INFO ] 2022-05-04 21:04:58.883 [main] CreateLog - verifying the text in sports page
[INFO ] 2022-05-04 21:05:21.088 [main] CreateLog - Successfully clicked on terms of use section in footer
[INFO ] 2022-05-04 21:05:23.191 [main] CreateLog - Verifying text in terms of use page
[INFO ] 2022-05-04 21:06:17.603 [main] CreateLog - Successfully clicked on search icon
[INFO ] 2022-05-04 21:06:19.800 [main] CreateLog - Successfully sent the text to search bar
[INFO ] 2022-05-04 21:06:24.339 [main] CreateLog - Successfully clicked on search icon
[INFO ] 2022-05-04 21:06:26.395 [main] CreateLog - verifying the text in result page
[INFO ] 2022-05-04 21:06:52.305 [main] CreateLog - Successfully clicked on sports section
[INFO ] 2022-05-04 21:06:54.416 [main] CreateLog - verifying the text in sports page
[INFO ] 2022-05-04 21:07:27.977 [main] CreateLog - Successfully clicked on terms of use section in footer
[INFO ] 2022-05-04 21:07:30.057 [main] CreateLog - Verifying text in terms of use page
[INFO ] 2022-05-05 10:23:54.257 [main] CreateLog - Successfully clicked on sports section
[INFO ] 2022-05-05 10:23:56.475 [main] CreateLog - verifying the text in sports page
[INFO ] 2022-05-05 10:24:32.649 [main] CreateLog - Successfully clicked on terms of use section in footer
[INFO ] 2022-05-05 10:24:34.753 [main] CreateLog - Verifying text in terms of use page
[INFO ] 2022-05-05 10:27:37.009 [main] CreateLog - Successfully clicked on search icon
[INFO ] 2022-05-05 10:27:39.987 [main] CreateLog - Successfully sent the text to search bar
[INFO ] 2022-05-05 10:27:44.220 [main] CreateLog - Successfully clicked on search icon
[INFO ] 2022-05-05 10:27:46.318 [main] CreateLog - verifying the text in result page
